  ..\FZLib\Helpers\LogHelper.h
  ..\FZLib\Helpers\StringHelper.h
          2개 파일이 복사되었습니다.
  ..\FZLib\Vendor\spdlog\include\spdlog\async.h
  ..\FZLib\Vendor\spdlog\include\spdlog\async_logger-inl.h
  ..\FZLib\Vendor\spdlog\include\spdlog\async_logger.h
  ..\FZLib\Vendor\spdlog\include\spdlog\common-inl.h
  ..\FZLib\Vendor\spdlog\include\spdlog\common.h
  ..\FZLib\Vendor\spdlog\include\spdlog\formatter.h
  ..\FZLib\Vendor\spdlog\include\spdlog\fwd.h
  ..\FZLib\Vendor\spdlog\include\spdlog\logger-inl.h
  ..\FZLib\Vendor\spdlog\include\spdlog\logger.h
  ..\FZLib\Vendor\spdlog\include\spdlog\pattern_formatter-inl.h
  ..\FZLib\Vendor\spdlog\include\spdlog\pattern_formatter.h
  ..\FZLib\Vendor\spdlog\include\spdlog\spdlog-inl.h
  ..\FZLib\Vendor\spdlog\include\spdlog\spdlog.h
  ..\FZLib\Vendor\spdlog\include\spdlog\stopwatch.h
  ..\FZLib\Vendor\spdlog\include\spdlog\tweakme.h
  ..\FZLib\Vendor\spdlog\include\spdlog\version.h
         16개 파일이 복사되었습니다.
  ..\FZLib\Vendor\spdlog\include\spdlog\cfg\argv.h
  ..\FZLib\Vendor\spdlog\include\spdlog\cfg\env.h
  ..\FZLib\Vendor\spdlog\include\spdlog\cfg\helpers-inl.h
  ..\FZLib\Vendor\spdlog\include\spdlog\cfg\helpers.h
          4개 파일이 복사되었습니다.
  ..\FZLib\Vendor\spdlog\include\spdlog\details\backtracer-inl.h
  ..\FZLib\Vendor\spdlog\include\spdlog\details\backtracer.h
  ..\FZLib\Vendor\spdlog\include\spdlog\details\circular_q.h
  ..\FZLib\Vendor\spdlog\include\spdlog\details\console_globals.h
  ..\FZLib\Vendor\spdlog\include\spdlog\details\file_helper-inl.h
  ..\FZLib\Vendor\spdlog\include\spdlog\details\file_helper.h
  ..\FZLib\Vendor\spdlog\include\spdlog\details\fmt_helper.h
  ..\FZLib\Vendor\spdlog\include\spdlog\details\log_msg-inl.h
  ..\FZLib\Vendor\spdlog\include\spdlog\details\log_msg.h
  ..\FZLib\Vendor\spdlog\include\spdlog\details\log_msg_buffer-inl.h
  ..\FZLib\Vendor\spdlog\include\spdlog\details\log_msg_buffer.h
  ..\FZLib\Vendor\spdlog\include\spdlog\details\mpmc_blocking_q.h
  ..\FZLib\Vendor\spdlog\include\spdlog\details\null_mutex.h
  ..\FZLib\Vendor\spdlog\include\spdlog\details\os-inl.h
  ..\FZLib\Vendor\spdlog\include\spdlog\details\os.h
  ..\FZLib\Vendor\spdlog\include\spdlog\details\periodic_worker-inl.h
  ..\FZLib\Vendor\spdlog\include\spdlog\details\periodic_worker.h
  ..\FZLib\Vendor\spdlog\include\spdlog\details\registry-inl.h
  ..\FZLib\Vendor\spdlog\include\spdlog\details\registry.h
  ..\FZLib\Vendor\spdlog\include\spdlog\details\synchronous_factory.h
  ..\FZLib\Vendor\spdlog\include\spdlog\details\tcp_client-windows.h
  ..\FZLib\Vendor\spdlog\include\spdlog\details\tcp_client.h
  ..\FZLib\Vendor\spdlog\include\spdlog\details\thread_pool-inl.h
  ..\FZLib\Vendor\spdlog\include\spdlog\details\thread_pool.h
  ..\FZLib\Vendor\spdlog\include\spdlog\details\udp_client-windows.h
  ..\FZLib\Vendor\spdlog\include\spdlog\details\udp_client.h
  ..\FZLib\Vendor\spdlog\include\spdlog\details\windows_include.h
         27개 파일이 복사되었습니다.
  ..\FZLib\Vendor\spdlog\include\spdlog\fmt\bin_to_hex.h
  ..\FZLib\Vendor\spdlog\include\spdlog\fmt\chrono.h
  ..\FZLib\Vendor\spdlog\include\spdlog\fmt\compile.h
  ..\FZLib\Vendor\spdlog\include\spdlog\fmt\fmt.h
  ..\FZLib\Vendor\spdlog\include\spdlog\fmt\ostr.h
  ..\FZLib\Vendor\spdlog\include\spdlog\fmt\ranges.h
  ..\FZLib\Vendor\spdlog\include\spdlog\fmt\std.h
  ..\FZLib\Vendor\spdlog\include\spdlog\fmt\xchar.h
          8개 파일이 복사되었습니다.
  ..\FZLib\Vendor\spdlog\include\spdlog\fmt\bundled\args.h
  ..\FZLib\Vendor\spdlog\include\spdlog\fmt\bundled\chrono.h
  ..\FZLib\Vendor\spdlog\include\spdlog\fmt\bundled\color.h
  ..\FZLib\Vendor\spdlog\include\spdlog\fmt\bundled\compile.h
  ..\FZLib\Vendor\spdlog\include\spdlog\fmt\bundled\core.h
  ..\FZLib\Vendor\spdlog\include\spdlog\fmt\bundled\format-inl.h
  ..\FZLib\Vendor\spdlog\include\spdlog\fmt\bundled\format.h
  ..\FZLib\Vendor\spdlog\include\spdlog\fmt\bundled\locale.h
  ..\FZLib\Vendor\spdlog\include\spdlog\fmt\bundled\os.h
  ..\FZLib\Vendor\spdlog\include\spdlog\fmt\bundled\ostream.h
  ..\FZLib\Vendor\spdlog\include\spdlog\fmt\bundled\printf.h
  ..\FZLib\Vendor\spdlog\include\spdlog\fmt\bundled\ranges.h
  ..\FZLib\Vendor\spdlog\include\spdlog\fmt\bundled\std.h
  ..\FZLib\Vendor\spdlog\include\spdlog\fmt\bundled\xchar.h
         14개 파일이 복사되었습니다.
  ..\FZLib\Vendor\spdlog\include\spdlog\sinks\android_sink.h
  ..\FZLib\Vendor\spdlog\include\spdlog\sinks\ansicolor_sink-inl.h
  ..\FZLib\Vendor\spdlog\include\spdlog\sinks\ansicolor_sink.h
  ..\FZLib\Vendor\spdlog\include\spdlog\sinks\base_sink-inl.h
  ..\FZLib\Vendor\spdlog\include\spdlog\sinks\base_sink.h
  ..\FZLib\Vendor\spdlog\include\spdlog\sinks\basic_file_sink-inl.h
  ..\FZLib\Vendor\spdlog\include\spdlog\sinks\basic_file_sink.h
  ..\FZLib\Vendor\spdlog\include\spdlog\sinks\callback_sink.h
  ..\FZLib\Vendor\spdlog\include\spdlog\sinks\daily_file_sink.h
  ..\FZLib\Vendor\spdlog\include\spdlog\sinks\dist_sink.h
  ..\FZLib\Vendor\spdlog\include\spdlog\sinks\dup_filter_sink.h
  ..\FZLib\Vendor\spdlog\include\spdlog\sinks\hourly_file_sink.h
  ..\FZLib\Vendor\spdlog\include\spdlog\sinks\kafka_sink.h
  ..\FZLib\Vendor\spdlog\include\spdlog\sinks\mongo_sink.h
  ..\FZLib\Vendor\spdlog\include\spdlog\sinks\msvc_sink.h
  ..\FZLib\Vendor\spdlog\include\spdlog\sinks\null_sink.h
  ..\FZLib\Vendor\spdlog\include\spdlog\sinks\ostream_sink.h
  ..\FZLib\Vendor\spdlog\include\spdlog\sinks\qt_sinks.h
  ..\FZLib\Vendor\spdlog\include\spdlog\sinks\ringbuffer_sink.h
  ..\FZLib\Vendor\spdlog\include\spdlog\sinks\rotating_file_sink-inl.h
  ..\FZLib\Vendor\spdlog\include\spdlog\sinks\rotating_file_sink.h
  ..\FZLib\Vendor\spdlog\include\spdlog\sinks\sink-inl.h
  ..\FZLib\Vendor\spdlog\include\spdlog\sinks\sink.h
  ..\FZLib\Vendor\spdlog\include\spdlog\sinks\stdout_color_sinks-inl.h
  ..\FZLib\Vendor\spdlog\include\spdlog\sinks\stdout_color_sinks.h
  ..\FZLib\Vendor\spdlog\include\spdlog\sinks\stdout_sinks-inl.h
  ..\FZLib\Vendor\spdlog\include\spdlog\sinks\stdout_sinks.h
  ..\FZLib\Vendor\spdlog\include\spdlog\sinks\syslog_sink.h
  ..\FZLib\Vendor\spdlog\include\spdlog\sinks\systemd_sink.h
  ..\FZLib\Vendor\spdlog\include\spdlog\sinks\tcp_sink.h
  ..\FZLib\Vendor\spdlog\include\spdlog\sinks\udp_sink.h
  ..\FZLib\Vendor\spdlog\include\spdlog\sinks\wincolor_sink-inl.h
  ..\FZLib\Vendor\spdlog\include\spdlog\sinks\wincolor_sink.h
  ..\FZLib\Vendor\spdlog\include\spdlog\sinks\win_eventlog_sink.h
         34개 파일이 복사되었습니다.
  Dx11_Buffer.cpp
  Dx11_DeviceManager.cpp
c:\program files (x86)\microsoft visual studio\2017\professional\vc\tools\msvc\14.16.27023\include\memory(1799): error C2248: 'FZLib::DeviceManager::DeviceManager': private 멤버('FZLib::DeviceManager' 클래스에서 선언)에 액세스할 수 없습니다.
  d:\dev\fzlib\fzlib\graphics\core\directx11\dx11_devicemanager.cpp(22): note: 'FZLib::DeviceManager::DeviceManager' 선언을 참조하십시오.
  d:\dev\fzlib\fzlib\graphics\core\directx11\dx11_devicemanager.h(17): note: 'FZLib::DeviceManager' 선언을 참조하십시오.
  c:\program files (x86)\microsoft visual studio\2017\professional\vc\tools\msvc\14.16.27023\include\memory(1865): note: 컴파일 중인 함수 템플릿 인스턴스화 'std::_Ref_count_obj<_Ty>::_Ref_count_obj<>(void)'에 대한 참조를 확인하십시오.
          with
          [
              _Ty=FZLib::DeviceManager
          ]
  c:\program files (x86)\microsoft visual studio\2017\professional\vc\tools\msvc\14.16.27023\include\memory(1866): note: 컴파일 중인 함수 템플릿 인스턴스화 'std::_Ref_count_obj<_Ty>::_Ref_count_obj<>(void)'에 대한 참조를 확인하십시오.
          with
          [
              _Ty=FZLib::DeviceManager
          ]
  d:\dev\fzlib\fzlib\graphics\core\directx11\dx11_devicemanager.cpp(18): note: 컴파일 중인 함수 템플릿 인스턴스화 'std::shared_ptr<FZLib::DeviceManager> std::make_shared<FZLib::DeviceManager,>(void)'에 대한 참조를 확인하십시오.
  코드를 생성하고 있습니다...
